<?xml version="1.0" encoding="UTF-8"?>
<testng-results skipped="0" failed="0" ignored="0" total="1" passed="1">
  <reporter-output>
  </reporter-output>
  <suite name="Default suite" duration-ms="41285" started-at="2018-11-10T06:29:34Z" finished-at="2018-11-10T06:30:15Z">
    <groups>
    </groups>
    <test name="Default test" duration-ms="41285" started-at="2018-11-10T06:29:34Z" finished-at="2018-11-10T06:30:15Z">
      <class name="guru99Test.Day5">
        <test-method status="PASS" signature="checkManagerId()[pri:0, instance:guru99Test.Day5@4de8b406]" name="checkManagerId" duration-ms="41065" started-at="2018-11-10T11:59:34Z" finished-at="2018-11-10T12:00:15Z">
          <reporter-output>
          </reporter-output>
        </test-method> <!-- checkManagerId -->
      </class> <!-- guru99Test.Day5 -->
    </test> <!-- Default test -->
  </suite> <!-- Default suite -->
</testng-results>
