<?xml version="1.0" encoding="UTF-8"?>
<!-- Generated by org.testng.reporters.JUnitXMLReporter -->
<testsuite hostname="d100" ignored="2" name="Sample Test" tests="4" failures="0" timestamp="21 Oct 2018 06:39:50 GMT" time="0.037" errors="0">
  <testcase name="bmw1" time="0.009" classname="testNGExamples.GroupingExample"/>
  <testcase name="bmw2" time="0.002" classname="testNGExamples.GroupingExample"/>
  <testcase name="bugati1" time="0.002" classname="testNGExamples.GroupingExample"/>
  <testcase name="bugati2" time="0.002" classname="testNGExamples.GroupingExample"/>
  <testcase name="benz1" time="0.0" classname="testNGExamples.GroupingExample">
    <ignored/>
  </testcase> <!-- benz1 -->
  <testcase name="benz2" time="0.0" classname="testNGExamples.GroupingExample">
    <ignored/>
  </testcase> <!-- benz2 -->
</testsuite> <!-- Sample Test -->
