<?xml version="1.0" encoding="UTF-8"?>
<!-- Generated by org.testng.reporters.JUnitXMLReporter -->
<testsuite hostname="d100" ignored="2" name="GrpTest" tests="4" failures="0" timestamp="21 Oct 2018 07:51:25 GMT" time="0.034" errors="0">
  <testcase name="cbse1" time="0.008" classname="testNGExamples.ExampleGroping"/>
  <testcase name="cbse2" time="0.001" classname="testNGExamples.ExampleGroping"/>
  <testcase name="matriculation1" time="0.001" classname="testNGExamples.ExampleGroping"/>
  <testcase name="matriculation2" time="0.001" classname="testNGExamples.ExampleGroping"/>
  <testcase name="stateboard2" time="0.0" classname="testNGExamples.ExampleGroping">
    <ignored/>
  </testcase> <!-- stateboard2 -->
  <testcase name="stateBoard1" time="0.0" classname="testNGExamples.ExampleGroping">
    <ignored/>
  </testcase> <!-- stateBoard1 -->
</testsuite> <!-- GrpTest -->
